<?xml version="1.0" encoding="UTF-8"?>
<!-- Generated by org.testng.reporters.JUnitReportReporter -->
<testsuite hostname="DESKTOP-RFNR8J8" failures="0" tests="4" name="testNG.Test_Suite" time="0.105" errors="1" timestamp="2023-02-13T15:18:09 IST" skipped="3">
  <testcase classname="testNG.Test_Suite" name="openYahoo" time="0.000">
    <skipped/>
  </testcase> <!-- openYahoo -->
  <system-out/>
  <testcase classname="testNG.Test_Suite" name="openGoogle" time="0.000">
    <skipped/>
  </testcase> <!-- openGoogle -->
  <system-out/>
  <testcase classname="testNG.Test_Suite" name="openBrowser" time="0.105">
    <error message="com.aventstack.extentreports.reporter.ExtentSparkReporter" type="java.lang.ArrayStoreException">
      <![CDATA[java.lang.ArrayStoreException: com.aventstack.extentreports.reporter.ExtentSparkReporter
at testNG.Test_Suite.openBrowser(Test_Suite.java:74)
at java.base/jdk.internal.reflect.NativeMethodAccessorImpl.invoke0(Native Method)
at java.base/jdk.internal.reflect.NativeMethodAccessorImpl.invoke(NativeMethodAccessorImpl.java:77)
at java.base/jdk.internal.reflect.DelegatingMethodAccessorImpl.invoke(DelegatingMethodAccessorImpl.java:43)
at java.base/java.lang.reflect.Method.invoke(Method.java:568)
at org.testng.internal.MethodInvocationHelper.invokeMethod(MethodInvocationHelper.java:133)
at org.testng.internal.MethodInvocationHelper.invokeMethodConsideringTimeout(MethodInvocationHelper.java:62)
at org.testng.internal.ConfigInvoker.invokeConfigurationMethod(ConfigInvoker.java:385)
at org.testng.internal.ConfigInvoker.invokeConfigurations(ConfigInvoker.java:321)
at org.testng.SuiteRunner.privateRun(SuiteRunner.java:317)
at org.testng.SuiteRunner.run(SuiteRunner.java:276)
at org.testng.SuiteRunnerWorker.runSuite(SuiteRunnerWorker.java:53)
at org.testng.SuiteRunnerWorker.run(SuiteRunnerWorker.java:96)
at org.testng.TestNG.runSuitesSequentially(TestNG.java:1212)
at org.testng.TestNG.runSuitesLocally(TestNG.java:1134)
at org.testng.TestNG.runSuites(TestNG.java:1063)
at org.testng.TestNG.run(TestNG.java:1031)
at org.testng.remote.AbstractRemoteTestNG.run(AbstractRemoteTestNG.java:115)
at org.testng.remote.RemoteTestNG.initAndRun(RemoteTestNG.java:251)
at org.testng.remote.RemoteTestNG.main(RemoteTestNG.java:77)
]]>
    </error>
  </testcase> <!-- openBrowser -->
  <system-out/>
  <testcase classname="testNG.Test_Suite" name="openBing" time="0.000">
    <skipped/>
  </testcase> <!-- openBing -->
  <system-out/>
</testsuite> <!-- testNG.Test_Suite -->
